2026-07-03 16:54:29,513 | INFO | Logger is working.
2026-07-03 16:54:29,513 | WARNING | This is a warning.
2026-07-03 16:54:29,513 | ERROR | This is an error.
2026-07-03 16:59:25,912 | INFO | Connected to Binance Futures Testnet.
2026-07-03 17:01:38,656 | INFO | Connected to Binance Futures Testnet.
2026-07-03 17:02:21,893 | INFO | Connected to Binance Futures Testnet.
2026-07-03 17:02:21,893 | INFO | Order Request: {'symbol': 'BTCUSDT', 'side': 'BUY', 'type': 'MARKET', 'quantity': 0.001}
2026-07-03 17:02:22,481 | ERROR | Binance API Error: Invalid API-key, IP, or permissions for action
2026-07-03 17:05:00,031 | INFO | Connected to Binance Futures Testnet.
2026-07-03 17:05:00,047 | INFO | Order Request: {'symbol': 'BTCUSDT', 'side': 'BUY', 'type': 'MARKET', 'quantity': 0.001}
2026-07-03 17:05:00,549 | ERROR | Binance API Error: Invalid API-key, IP, or permissions for action
2026-07-03 17:07:11,683 | INFO | Connected to Binance Futures Testnet.
2026-07-03 17:07:11,683 | INFO | Order Request: {'symbol': 'BTCUSDT', 'side': 'BUY', 'type': 'MARKET', 'quantity': 0.001}
2026-07-03 17:07:12,343 | ERROR | Binance API Error: Margin is insufficient.
2026-07-03 17:08:07,564 | INFO | Connected to Binance Futures Testnet.
2026-07-03 17:08:07,579 | INFO | Order Request: {'symbol': 'BTCUSDT', 'side': 'BUY', 'type': 'MARKET', 'quantity': 0.0001}
2026-07-03 17:08:08,480 | ERROR | Binance API Error: Order's notional must be no smaller than 50 (unless you choose reduce only).
2026-07-03 17:08:55,857 | INFO | Connected to Binance Futures Testnet.
2026-07-03 17:09:46,119 | INFO | Connected to Binance Futures Testnet.
2026-07-03 17:10:07,292 | INFO | Connected to Binance Futures Testnet.
2026-07-03 17:10:38,806 | INFO | Connected to Binance Futures Testnet.
2026-07-03 17:10:38,806 | INFO | Order Request: {'symbol': 'BTCUSDT', 'side': 'BUY', 'type': 'MARKET', 'quantity': 0.001}
2026-07-03 17:10:39,368 | INFO | Order Response: {'orderId': 18707785706, 'symbol': 'BTCUSDT', 'status': 'NEW', 'clientOrderId': 'x-Cb7ytekJ26cb279e29cb6091e23d08', 'price': '0.00', 'origQty': '0.0010', 'executedQty': '0.0000', 'cumQty': '0.0000', 'timeInForce': 'GTC', 'type': 'MARKET', 'reduceOnly': False, 'closePosition': False, 'side': 'BUY', 'positionSide': 'BOTH', 'stopPrice': '0.00', 'workingType': 'CONTRACT_PRICE', 'priceProtect': False, 'origType': 'MARKET', 'priceMatch': 'NONE', 'selfTradePreventionMode': 'EXPIRE_MAKER', 'goodTillDate': 0, 'updateTime': 1783078839619}
2026-07-03 17:13:20,509 | INFO | Connected to Binance Futures Testnet.
2026-07-03 17:13:20,509 | INFO | Order Request: {'symbol': 'BTCUSDT', 'side': 'BUY', 'type': 'MARKET', 'quantity': 0.001}
2026-07-03 17:13:21,930 | INFO | Initial Response: {'orderId': 18708222464, 'symbol': 'BTCUSDT', 'status': 'NEW', 'clientOrderId': 'x-Cb7ytekJad0d529642c6a622907b73', 'price': '0.00', 'origQty': '0.0010', 'executedQty': '0.0000', 'cumQty': '0.0000', 'timeInForce': 'GTC', 'type': 'MARKET', 'reduceOnly': False, 'closePosition': False, 'side': 'BUY', 'positionSide': 'BOTH', 'stopPrice': '0.00', 'workingType': 'CONTRACT_PRICE', 'priceProtect': False, 'origType': 'MARKET', 'priceMatch': 'NONE', 'selfTradePreventionMode': 'EXPIRE_MAKER', 'goodTillDate': 0, 'updateTime': 1783079002173}
2026-07-03 17:13:23,312 | INFO | Final Order Response: {'orderId': 18708222464, 'symbol': 'BTCUSDT', 'status': 'FILLED', 'clientOrderId': 'x-Cb7ytekJad0d529642c6a622907b73', 'price': '0.00', 'avgPrice': '61861.000000', 'origQty': '0.0010', 'executedQty': '0.0010', 'cumQuote': '61.861000', 'timeInForce': 'GTC', 'type': 'MARKET', 'reduceOnly': False, 'closePosition': False, 'side': 'BUY', 'positionSide': 'BOTH', 'stopPrice': '0.00', 'workingType': 'CONTRACT_PRICE', 'priceProtect': False, 'origType': 'MARKET', 'priceMatch': 'NONE', 'selfTradePreventionMode': 'EXPIRE_MAKER', 'goodTillDate': 0, 'time': 1783079002173, 'updateTime': 1783079002173}
2026-07-03 17:13:50,518 | INFO | Connected to Binance Futures Testnet.
2026-07-03 17:13:50,518 | INFO | Order Request: {'symbol': 'BTCUSDT', 'side': 'SELL', 'type': 'LIMIT', 'quantity': 0.001, 'price': 100000.0, 'timeInForce': 'GTC'}
2026-07-03 17:13:51,008 | INFO | Initial Response: {'orderId': 18708316210, 'symbol': 'BTCUSDT', 'status': 'NEW', 'clientOrderId': 'x-Cb7ytekJ50c4f95c322dfae5b631e', 'price': '100000.00', 'origQty': '0.0010', 'executedQty': '0.0000', 'cumQty': '0.0000', 'timeInForce': 'GTC', 'type': 'LIMIT', 'reduceOnly': False, 'closePosition': False, 'side': 'SELL', 'positionSide': 'BOTH', 'stopPrice': '0.00', 'workingType': 'CONTRACT_PRICE', 'priceProtect': False, 'origType': 'LIMIT', 'priceMatch': 'NONE', 'selfTradePreventionMode': 'EXPIRE_MAKER', 'goodTillDate': 0, 'updateTime': 1783079031263}
2026-07-03 17:13:52,185 | INFO | Final Order Response: {'orderId': 18708316210, 'symbol': 'BTCUSDT', 'status': 'NEW', 'clientOrderId': 'x-Cb7ytekJ50c4f95c322dfae5b631e', 'price': '100000.00', 'avgPrice': '0.00', 'origQty': '0.0010', 'executedQty': '0.0000', 'cumQuote': '0.000000', 'timeInForce': 'GTC', 'type': 'LIMIT', 'reduceOnly': False, 'closePosition': False, 'side': 'SELL', 'positionSide': 'BOTH', 'stopPrice': '0.00', 'workingType': 'CONTRACT_PRICE', 'priceProtect': False, 'origType': 'LIMIT', 'priceMatch': 'NONE', 'selfTradePreventionMode': 'EXPIRE_MAKER', 'goodTillDate': 0, 'time': 1783079031263, 'updateTime': 1783079031263}
2026-07-03 17:24:12 | INFO | Connected to Binance Futures Testnet.
2026-07-03 17:24:12 | INFO | Order Request: {'symbol': 'BTCUSDT', 'side': 'BUY', 'type': 'MARKET', 'quantity': 0.001}
2026-07-03 17:24:12 | INFO | Initial Response: {'orderId': 18710063462, 'symbol': 'BTCUSDT', 'status': 'NEW', 'clientOrderId': 'x-Cb7ytekJa104a6f6207f502ae10ee4', 'price': '0.00', 'origQty': '0.0010', 'executedQty': '0.0000', 'cumQty': '0.0000', 'timeInForce': 'GTC', 'type': 'MARKET', 'reduceOnly': False, 'closePosition': False, 'side': 'BUY', 'positionSide': 'BOTH', 'stopPrice': '0.00', 'workingType': 'CONTRACT_PRICE', 'priceProtect': False, 'origType': 'MARKET', 'priceMatch': 'NONE', 'selfTradePreventionMode': 'EXPIRE_MAKER', 'goodTillDate': 0, 'updateTime': 1783079653090}
2026-07-03 17:24:14 | INFO | Final Order Response: {'orderId': 18710063462, 'symbol': 'BTCUSDT', 'status': 'FILLED', 'clientOrderId': 'x-Cb7ytekJa104a6f6207f502ae10ee4', 'price': '0.00', 'avgPrice': '61980.000000', 'origQty': '0.0010', 'executedQty': '0.0010', 'cumQuote': '61.980000', 'timeInForce': 'GTC', 'type': 'MARKET', 'reduceOnly': False, 'closePosition': False, 'side': 'BUY', 'positionSide': 'BOTH', 'stopPrice': '0.00', 'workingType': 'CONTRACT_PRICE', 'priceProtect': False, 'origType': 'MARKET', 'priceMatch': 'NONE', 'selfTradePreventionMode': 'EXPIRE_MAKER', 'goodTillDate': 0, 'time': 1783079653090, 'updateTime': 1783079653090}
2026-07-03 17:24:58 | INFO | Connected to Binance Futures Testnet.
2026-07-03 17:24:58 | INFO | Order Request: {'symbol': 'BTCUSDT', 'side': 'SELL', 'type': 'LIMIT', 'quantity': 0.001, 'price': 100000.0, 'timeInForce': 'GTC'}
2026-07-03 17:24:58 | INFO | Initial Response: {'orderId': 18710181486, 'symbol': 'BTCUSDT', 'status': 'NEW', 'clientOrderId': 'x-Cb7ytekJ360ef867463d82762cc618', 'price': '100000.00', 'origQty': '0.0010', 'executedQty': '0.0000', 'cumQty': '0.0000', 'timeInForce': 'GTC', 'type': 'LIMIT', 'reduceOnly': False, 'closePosition': False, 'side': 'SELL', 'positionSide': 'BOTH', 'stopPrice': '0.00', 'workingType': 'CONTRACT_PRICE', 'priceProtect': False, 'origType': 'LIMIT', 'priceMatch': 'NONE', 'selfTradePreventionMode': 'EXPIRE_MAKER', 'goodTillDate': 0, 'updateTime': 1783079699223}
2026-07-03 17:25:00 | INFO | Final Order Response: {'orderId': 18710181486, 'symbol': 'BTCUSDT', 'status': 'NEW', 'clientOrderId': 'x-Cb7ytekJ360ef867463d82762cc618', 'price': '100000.00', 'avgPrice': '0.00', 'origQty': '0.0010', 'executedQty': '0.0000', 'cumQuote': '0.000000', 'timeInForce': 'GTC', 'type': 'LIMIT', 'reduceOnly': False, 'closePosition': False, 'side': 'SELL', 'positionSide': 'BOTH', 'stopPrice': '0.00', 'workingType': 'CONTRACT_PRICE', 'priceProtect': False, 'origType': 'LIMIT', 'priceMatch': 'NONE', 'selfTradePreventionMode': 'EXPIRE_MAKER', 'goodTillDate': 0, 'time': 1783079699223, 'updateTime': 1783079699223}
2026-07-03 17:27:39 | INFO | Connected to Binance Futures Testnet.
2026-07-03 17:27:39 | INFO | Order Request: {'symbol': 'BTCUSDT', 'side': 'SELL', 'type': 'LIMIT', 'quantity': 0.001, 'price': 70000.0, 'timeInForce': 'GTC'}
2026-07-03 17:27:40 | INFO | Initial Response: {'orderId': 18710564909, 'symbol': 'BTCUSDT', 'status': 'NEW', 'clientOrderId': 'x-Cb7ytekJ37857aea8ea5cf4f8ced56', 'price': '70000.00', 'origQty': '0.0010', 'executedQty': '0.0000', 'cumQty': '0.0000', 'timeInForce': 'GTC', 'type': 'LIMIT', 'reduceOnly': False, 'closePosition': False, 'side': 'SELL', 'positionSide': 'BOTH', 'stopPrice': '0.00', 'workingType': 'CONTRACT_PRICE', 'priceProtect': False, 'origType': 'LIMIT', 'priceMatch': 'NONE', 'selfTradePreventionMode': 'EXPIRE_MAKER', 'goodTillDate': 0, 'updateTime': 1783079860482}
2026-07-03 17:27:41 | INFO | Final Order Response: {'orderId': 18710564909, 'symbol': 'BTCUSDT', 'status': 'NEW', 'clientOrderId': 'x-Cb7ytekJ37857aea8ea5cf4f8ced56', 'price': '70000.00', 'avgPrice': '0.00', 'origQty': '0.0010', 'executedQty': '0.0000', 'cumQuote': '0.000000', 'timeInForce': 'GTC', 'type': 'LIMIT', 'reduceOnly': False, 'closePosition': False, 'side': 'SELL', 'positionSide': 'BOTH', 'stopPrice': '0.00', 'workingType': 'CONTRACT_PRICE', 'priceProtect': False, 'origType': 'LIMIT', 'priceMatch': 'NONE', 'selfTradePreventionMode': 'EXPIRE_MAKER', 'goodTillDate': 0, 'time': 1783079860482, 'updateTime': 1783079860482}
